2024-03-18 21:59:11,935 - urllib3.connectionpool - DEBUG - dictionary scan -- Starting new HTTPS connection (1): stackoverflow.com:443
2024-03-18 21:59:12,232 - urllib3.connectionpool - DEBUG - dictionary scan -- https://stackoverflow.com:443 "HEAD /questions/53920372//images HTTP/1.1" 404 0
2024-03-18 21:59:12,234 - urllib3.connectionpool - DEBUG - dictionary scan -- Starting new HTTPS connection (1): stackoverflow.com:443
2024-03-18 21:59:12,383 - urllib3.connectionpool - DEBUG - dictionary scan -- https://stackoverflow.com:443 "HEAD /questions/53920372//css HTTP/1.1" 429 0
2024-03-18 21:59:12,385 - urllib3.connectionpool - DEBUG - dictionary scan -- Starting new HTTPS connection (1): stackoverflow.com:443
2024-03-18 21:59:12,515 - urllib3.connectionpool - DEBUG - dictionary scan -- https://stackoverflow.com:443 "HEAD /questions/53920372//LC_MESSAGES HTTP/1.1" 429 0
2024-03-18 21:59:12,516 - urllib3.connectionpool - DEBUG - dictionary scan -- Starting new HTTPS connection (1): stackoverflow.com:443
2024-03-18 21:59:12,762 - urllib3.connectionpool - DEBUG - dictionary scan -- https://stackoverflow.com:443 "HEAD /questions/53920372//js HTTP/1.1" 404 0
2024-03-18 21:59:12,764 - urllib3.connectionpool - DEBUG - dictionary scan -- Starting new HTTPS connection (1): stackoverflow.com:443
2024-03-18 21:59:12,904 - urllib3.connectionpool - DEBUG - dictionary scan -- https://stackoverflow.com:443 "HEAD /questions/53920372//tmpl HTTP/1.1" 429 0
2024-03-18 21:59:12,905 - urllib3.connectionpool - DEBUG - dictionary scan -- Starting new HTTPS connection (1): stackoverflow.com:443
2024-03-18 21:59:13,203 - urllib3.connectionpool - DEBUG - dictionary scan -- https://stackoverflow.com:443 "HEAD /questions/53920372//lang HTTP/1.1" 404 0
2024-03-18 21:59:13,204 - urllib3.connectionpool - DEBUG - dictionary scan -- Starting new HTTPS connection (1): stackoverflow.com:443
2024-03-18 21:59:13,359 - urllib3.connectionpool - DEBUG - dictionary scan -- https://stackoverflow.com:443 "HEAD /questions/53920372//default HTTP/1.1" 429 0
2024-03-18 21:59:13,361 - urllib3.connectionpool - DEBUG - dictionary scan -- Starting new HTTPS connection (1): stackoverflow.com:443
2024-03-18 21:59:13,470 - urllib3.connectionpool - DEBUG - dictionary scan -- https://stackoverflow.com:443 "HEAD /questions/53920372//README HTTP/1.1" 429 0
2024-03-18 21:59:13,472 - urllib3.connectionpool - DEBUG - dictionary scan -- Starting new HTTPS connection (1): stackoverflow.com:443
2024-03-18 21:59:13,743 - urllib3.connectionpool - DEBUG - dictionary scan -- https://stackoverflow.com:443 "HEAD /questions/53920372//templates HTTP/1.1" 404 0
2024-03-18 21:59:13,744 - urllib3.connectionpool - DEBUG - dictionary scan -- Starting new HTTPS connection (1): stackoverflow.com:443
2024-03-18 21:59:13,901 - urllib3.connectionpool - DEBUG - dictionary scan -- https://stackoverflow.com:443 "HEAD /questions/53920372//langs HTTP/1.1" 429 0
2024-03-18 21:59:13,903 - urllib3.connectionpool - DEBUG - dictionary scan -- Starting new HTTPS connection (1): stackoverflow.com:443
2024-03-18 21:59:13,933 - urllib3.connectionpool - DEBUG - dictionary scan -- Starting new HTTP connection (1): google.com:80
2024-03-18 21:59:14,040 - urllib3.connectionpool - DEBUG - dictionary scan -- http://google.com:80 "HEAD /search?q=:) HTTP/1.1" 301 0
2024-03-18 21:59:14,041 - urllib3.connectionpool - DEBUG - dictionary scan -- Starting new HTTP connection (1): www.google.com:80
2024-03-18 21:59:14,041 - urllib3.connectionpool - DEBUG - dictionary scan -- https://stackoverflow.com:443 "HEAD /questions/53920372//config HTTP/1.1" 429 0
2024-03-18 21:59:14,412 - urllib3.connectionpool - DEBUG - dictionary scan -- http://www.google.com:80 "HEAD /search?q=:) HTTP/1.1" 200 0
2024-03-18 21:59:14,414 - urllib3.connectionpool - DEBUG - dictionary scan -- Starting new HTTP connection (1): httpbin.org:80
2024-03-18 21:59:14,701 - urllib3.connectionpool - DEBUG - dictionary scan -- http://httpbin.org:80 "HEAD /relative-redirect/4 HTTP/1.1" 302 0
2024-03-18 21:59:14,822 - urllib3.connectionpool - DEBUG - dictionary scan -- http://httpbin.org:80 "HEAD /relative-redirect/3 HTTP/1.1" 302 0
2024-03-18 21:59:14,947 - urllib3.connectionpool - DEBUG - dictionary scan -- http://httpbin.org:80 "HEAD /relative-redirect/2 HTTP/1.1" 302 0
2024-03-18 21:59:15,067 - urllib3.connectionpool - DEBUG - dictionary scan -- http://httpbin.org:80 "HEAD /relative-redirect/1 HTTP/1.1" 302 0
2024-03-18 21:59:15,185 - urllib3.connectionpool - DEBUG - dictionary scan -- http://httpbin.org:80 "HEAD /get HTTP/1.1" 200 0
2024-03-18 21:59:15,187 - mappsite.helpers - INFO - dictionary scan -- new directory found
2024-03-18 21:59:15,187 - mappsite.helpers - INFO - dictionary scan -- new directory found
